Pp(A):0.089453
Pp(B):0.012847
Pp(C):0.039916
Pp(D):0.034419
Pp(E):0.117359
Pp(F):0.014580
Pp(G):0.015297
Pp(H):0.021631
Pp(I):0.091007
Pp(J):0.002330
Pp(K):0.002510
Pp(L):0.047625
Pp(M):0.035733
Pp(N):0.070511
Pp(O):0.062563
Pp(P):0.025037
Pp(Q):0.005258
Pp(R):0.063579
Pp(S):0.071646
Pp(T):0.087302
Pp(U):0.054198
Pp(V):0.015477
Pp(W):0.007708
Pp(X):0.002091
Pp(Y):0.008306
Pp(Z):0.001613
Pp(A|A):0.013889
Pp(A|B):0.123324
Pp(A|C):0.142105
Pp(A|D):0.147583
Pp(A|E):0.162791
Pp(A|F):0.134146
Pp(A|G):0.119792
Pp(A|H):0.118734
Pp(A|I):0.152672
Pp(A|J):0.086253
Pp(A|K):0.153439
Pp(A|L):0.128266
Pp(A|M):0.141361
Pp(A|N):0.150115
Pp(A|O):0.000000
Pp(A|P):0.060345
Pp(A|Q):0.000000
Pp(A|R):0.054545
Pp(A|S):0.000000
Pp(A|T):0.060209
Pp(A|U):0.000000
Pp(A|V):0.067385
Pp(A|W):0.000000
Pp(A|X):0.039216
Pp(A|Y):0.000000
Pp(A|Z):0.030986
Pp(B|A):0.025414
Pp(B|B):0.000000
Pp(B|C):0.013158
Pp(B|D):0.020356
Pp(B|E):0.017442
Pp(B|F):0.009756
Pp(B|G):0.013021
Pp(B|H):0.018470
Pp(B|I):0.027990
Pp(B|J):0.005391
Pp(B|K):0.023810
Pp(B|L):0.007126
Pp(B|M):0.015707
Pp(B|N):0.001260
Pp(B|O):0.025890
Pp(B|P):0.022989
Pp(B|Q):0.017483
Pp(B|R):0.015584
Pp(B|S):0.028169
Pp(B|T):0.002618
Pp(B|U):0.000000
Pp(B|V):0.010782
Pp(B|W):0.018939
Pp(B|X):0.014706
Pp(B|Y):0.006734
Pp(B|Z):0.011268
Pp(C|A):0.005024
Pp(C|B):0.040214
Pp(C|C):0.031579
Pp(C|D):0.040712
Pp(C|E):0.031977
Pp(C|F):0.024390
Pp(C|G):0.054688
Pp(C|H):0.031662
Pp(C|I):0.030534
Pp(C|J):0.032345
Pp(C|K):0.042328
Pp(C|L):0.054632
Pp(C|M):0.034031
Pp(C|N):0.063825
Pp(C|O):0.032362
Pp(C|P):0.045977
Pp(C|Q):0.031469
Pp(C|R):0.031169
Pp(C|S):0.049296
Pp(C|T):0.062827
Pp(C|U):0.072165
Pp(C|V):0.048518
Pp(C|W):0.034091
Pp(C|X):0.049020
Pp(C|Y):0.033670
Pp(C|Z):0.030986
Pp(D|A):0.076832
Pp(D|B):0.050938
Pp(D|C):0.039474
Pp(D|D):0.025445
Pp(D|E):0.031977
Pp(D|F):0.036585
Pp(D|G):0.039062
Pp(D|H):0.034301
Pp(D|I):0.030534
Pp(D|J):0.016173
Pp(D|K):0.037037
Pp(D|L):0.038005
Pp(D|M):0.034031
Pp(D|N):0.002309
Pp(D|O):0.029126
Pp(D|P):0.014368
Pp(D|Q):0.069930
Pp(D|R):0.028571
Pp(D|S):0.042254
Pp(D|T):0.034031
Pp(D|U):0.054983
Pp(D|V):0.035040
Pp(D|W):0.041667
Pp(D|X):0.026961
Pp(D|Y):0.040404
Pp(D|Z):0.036620
Pp(E|A):0.009752
Pp(E|B):0.144772
Pp(E|C):0.110526
Pp(E|D):0.134860
Pp(E|E):0.063953
Pp(E|F):0.109756
Pp(E|G):0.106771
Pp(E|H):0.129288
Pp(E|I):0.111959
Pp(E|J):0.156334
Pp(E|K):0.097884
Pp(E|L):0.118765
Pp(E|M):0.073298
Pp(E|N):0.195465
Pp(E|O):0.132686
Pp(E|P):0.135057
Pp(E|Q):0.097902
Pp(E|R):0.127273
Pp(E|S):0.112676
Pp(E|T):0.107330
Pp(E|U):0.099656
Pp(E|V):0.161725
Pp(E|W):0.121212
Pp(E|X):0.117647
Pp(E|Y):0.107744
Pp(E|Z):0.107042
Pp(F|A):0.034574
Pp(F|B):0.005362
Pp(F|C):0.018421
Pp(F|D):0.012723
Pp(F|E):0.020349
Pp(F|F):0.007317
Pp(F|G):0.013021
Pp(F|H):0.002639
Pp(F|I):0.017812
Pp(F|J):0.016173
Pp(F|K):0.013228
Pp(F|L):0.007126
Pp(F|M):0.015707
Pp(F|N):0.001470
Pp(F|O):0.032362
Pp(F|P):0.005747
Pp(F|Q):0.013986
Pp(F|R):0.012987
Pp(F|S):0.007042
Pp(F|T):0.010471
Pp(F|U):0.017182
Pp(F|V):0.016173
Pp(F|W):0.018939
Pp(F|X):0.014706
Pp(F|Y):0.016835
Pp(F|Z):0.025352
Pp(G|A):0.001182
Pp(G|B):0.005362
Pp(G|C):0.007895
Pp(G|D):0.015267
Pp(G|E):0.008721
Pp(G|F):0.007317
Pp(G|G):0.010417
Pp(G|H):0.021108
Pp(G|I):0.012723
Pp(G|J):0.018868
Pp(G|K):0.007937
Pp(G|L):0.026128
Pp(G|M):0.015707
Pp(G|N):0.026454
Pp(G|O):0.019417
Pp(G|P):0.008621
Pp(G|Q):0.020979
Pp(G|R):0.012987
Pp(G|S):0.014085
Pp(G|T):0.013089
Pp(G|U):0.017182
Pp(G|V):0.021563
Pp(G|W):0.022727
Pp(G|X):0.017157
Pp(G|Y):0.013468
Pp(G|Z):0.016901
Pp(H|A):0.062352
Pp(H|B):0.029491
Pp(H|C):0.010526
Pp(H|D):0.012723
Pp(H|E):0.023256
Pp(H|F):0.009756
Pp(H|G):0.013021
Pp(H|H):0.021108
Pp(H|I):0.015267
Pp(H|J):0.010782
Pp(H|K):0.013228
Pp(H|L):0.026128
Pp(H|M):0.018325
Pp(H|N):0.001050
Pp(H|O):0.012945
Pp(H|P):0.011494
Pp(H|Q):0.010490
Pp(H|R):0.025974
Pp(H|S):0.024648
Pp(H|T):0.010471
Pp(H|U):0.024055
Pp(H|V):0.024259
Pp(H|W):0.026515
Pp(H|X):0.012255
Pp(H|Y):0.016835
Pp(H|Z):0.008451
Pp(I|A):0.011525
Pp(I|B):0.115282
Pp(I|C):0.089474
Pp(I|D):0.104326
Pp(I|E):0.095930
Pp(I|F):0.129268
Pp(I|G):0.114583
Pp(I|H):0.079156
Pp(I|I):0.078880
Pp(I|J):0.121294
Pp(I|K):0.076720
Pp(I|L):0.083135
Pp(I|M):0.096859
Pp(I|N):0.137518
Pp(I|O):0.077670
Pp(I|P):0.100575
Pp(I|Q):0.090909
Pp(I|R):0.085714
Pp(I|S):0.109155
Pp(I|T):0.112565
Pp(I|U):0.089347
Pp(I|V):0.088949
Pp(I|W):0.090909
Pp(I|X):0.100490
Pp(I|Y):0.094276
Pp(I|Z):0.084507
Pp(J|A):0.005615
Pp(J|B):0.000000
Pp(J|C):0.002632
Pp(J|D):0.000000
Pp(J|E):0.000000
Pp(J|F):0.002439
Pp(J|G):0.005208
Pp(J|H):0.002639
Pp(J|I):0.000000
Pp(J|J):0.002695
Pp(J|K):0.002646
Pp(J|L):0.002375
Pp(J|M):0.002618
Pp(J|N):0.000420
Pp(J|O):0.003236
Pp(J|P):0.005747
Pp(J|Q):0.000000
Pp(J|R):0.005195
Pp(J|S):0.000000
Pp(J|T):0.002618
Pp(J|U):0.003436
Pp(J|V):0.000000
Pp(J|W):0.003788
Pp(J|X):0.000000
Pp(J|Y):0.000000
Pp(J|Z):0.002817
Pp(K|A):0.000591
Pp(K|B):0.000000
Pp(K|C):0.000000
Pp(K|D):0.002545
Pp(K|E):0.000000
Pp(K|F):0.002439
Pp(K|G):0.010417
Pp(K|H):0.000000
Pp(K|I):0.000000
Pp(K|J):0.000000
Pp(K|K):0.002646
Pp(K|L):0.002375
Pp(K|M):0.002618
Pp(K|N):0.005249
Pp(K|O):0.006472
Pp(K|P):0.005747
Pp(K|Q):0.000000
Pp(K|R):0.000000
Pp(K|S):0.000000
Pp(K|T):0.000000
Pp(K|U):0.000000
Pp(K|V):0.002695
Pp(K|W):0.000000
Pp(K|X):0.002451
Pp(K|Y):0.000000
Pp(K|Z):0.000000
Pp(L|A):0.094858
Pp(L|B):0.045576
Pp(L|C):0.023684
Pp(L|D):0.071247
Pp(L|E):0.072674
Pp(L|F):0.046341
Pp(L|G):0.039062
Pp(L|H):0.055409
Pp(L|I):0.058524
Pp(L|J):0.032345
Pp(L|K):0.068783
Pp(L|L):0.049881
Pp(L|M):0.041885
Pp(L|N):0.004199
Pp(L|O):0.074434
Pp(L|P):0.066092
Pp(L|Q):0.069930
Pp(L|R):0.057143
Pp(L|S):0.070423
Pp(L|T):0.036649
Pp(L|U):0.072165
Pp(L|V):0.040431
Pp(L|W):0.045455
Pp(L|X):0.051471
Pp(L|Y):0.053872
Pp(L|Z):0.047887
Pp(M|A):0.004137
Pp(M|B):0.037534
Pp(M|C):0.047368
Pp(M|D):0.022901
Pp(M|E):0.043605
Pp(M|F):0.060976
Pp(M|G):0.023438
Pp(M|H):0.047493
Pp(M|I):0.022901
Pp(M|J):0.037736
Pp(M|K):0.026455
Pp(M|L):0.021378
Pp(M|M):0.026178
Pp(M|N):0.048709
Pp(M|O):0.035599
Pp(M|P):0.045977
Pp(M|Q):0.041958
Pp(M|R):0.051948
Pp(M|S):0.077465
Pp(M|T):0.036649
Pp(M|U):0.048110
Pp(M|V):0.051213
Pp(M|W):0.053030
Pp(M|X):0.041667
Pp(M|Y):0.060606
Pp(M|Z):0.042254
Pp(N|A):0.169031
Pp(N|B):0.040214
Pp(N|C):0.094737
Pp(N|D):0.027990
Pp(N|E):0.078488
Pp(N|F):0.063415
Pp(N|G):0.062500
Pp(N|H):0.029024
Pp(N|I):0.073791
Pp(N|J):0.048518
Pp(N|K):0.066138
Pp(N|L):0.040380
Pp(N|M):0.083770
Pp(N|N):0.005879
Pp(N|O):0.074434
Pp(N|P):0.068966
Pp(N|Q):0.076923
Pp(N|R):0.064935
Pp(N|S):0.056338
Pp(N|T):0.096859
Pp(N|U):0.072165
Pp(N|V):0.094340
Pp(N|W):0.068182
Pp(N|X):0.056373
Pp(N|Y):0.104377
Pp(N|Z):0.095775
Pp(O|A):0.004433
Pp(O|B):0.048257
Pp(O|C):0.052632
Pp(O|D):0.071247
Pp(O|E):0.034884
Pp(O|F):0.039024
Pp(O|G):0.057292
Pp(O|H):0.047493
Pp(O|I):0.038168
Pp(O|J):0.078167
Pp(O|K):0.063492
Pp(O|L):0.057007
Pp(O|M):0.049738
Pp(O|N):0.117153
Pp(O|O):0.067961
Pp(O|P):0.057471
Pp(O|Q):0.069930
Pp(O|R):0.062338
Pp(O|S):0.066901
Pp(O|T):0.062827
Pp(O|U):0.061856
Pp(O|V):0.032345
Pp(O|W):0.045455
Pp(O|X):0.046569
Pp(O|Y):0.074074
Pp(O|Z):0.050704
Pp(P|A):0.053487
Pp(P|B):0.029491
Pp(P|C):0.028947
Pp(P|D):0.022901
Pp(P|E):0.014535
Pp(P|F):0.021951
Pp(P|G):0.028646
Pp(P|H):0.036939
Pp(P|I):0.020356
Pp(P|J):0.021563
Pp(P|K):0.029101
Pp(P|L):0.019002
Pp(P|M):0.031414
Pp(P|N):0.001260
Pp(P|O):0.025890
Pp(P|P):0.025862
Pp(P|Q):0.013986
Pp(P|R):0.023377
Pp(P|S):0.014085
Pp(P|T):0.020942
Pp(P|U):0.030928
Pp(P|V):0.037736
Pp(P|W):0.030303
Pp(P|X):0.044118
Pp(P|Y):0.043771
Pp(P|Z):0.030986
Pp(Q|A):0.000296
Pp(Q|B):0.000000
Pp(Q|C):0.013158
Pp(Q|D):0.002545
Pp(Q|E):0.005814
Pp(Q|F):0.004878
Pp(Q|G):0.000000
Pp(Q|H):0.002639
Pp(Q|I):0.005089
Pp(Q|J):0.010782
Pp(Q|K):0.002646
Pp(Q|L):0.009501
Pp(Q|M):0.005236
Pp(Q|N):0.007558
Pp(Q|O):0.009709
Pp(Q|P):0.008621
Pp(Q|Q):0.006993
Pp(Q|R):0.012987
Pp(Q|S):0.003521
Pp(Q|T):0.005236
Pp(Q|U):0.000000
Pp(Q|V):0.002695
Pp(Q|W):0.011364
Pp(Q|X):0.012255
Pp(Q|Y):0.003367
Pp(Q|Z):0.002817
Pp(R|A):0.161348
Pp(R|B):0.048257
Pp(R|C):0.057895
Pp(R|D):0.043257
Pp(R|E):0.066860
Pp(R|F):0.056098
Pp(R|G):0.039062
Pp(R|H):0.060686
Pp(R|I):0.068702
Pp(R|J):0.056604
Pp(R|K):0.060847
Pp(R|L):0.052257
Pp(R|M):0.047120
Pp(R|N):0.004199
Pp(R|O):0.064725
Pp(R|P):0.054598
Pp(R|Q):0.073427
Pp(R|R):0.072727
Pp(R|S):0.070423
Pp(R|T):0.068063
Pp(R|U):0.072165
Pp(R|V):0.043127
Pp(R|W):0.060606
Pp(R|X):0.053922
Pp(R|Y):0.053872
Pp(R|Z):0.059155
Pp(S|A):0.007683
Pp(S|B):0.056300
Pp(S|C):0.071053
Pp(S|D):0.078880
Pp(S|E):0.058140
Pp(S|F):0.092683
Pp(S|G):0.057292
Pp(S|H):0.087071
Pp(S|I):0.063613
Pp(S|J):0.070081
Pp(S|K):0.063492
Pp(S|L):0.090261
Pp(S|M):0.083770
Pp(S|N):0.109595
Pp(S|O):0.077670
Pp(S|P):0.083333
Pp(S|Q):0.080420
Pp(S|R):0.067532
Pp(S|S):0.066901
Pp(S|T):0.081152
Pp(S|U):0.092784
Pp(S|V):0.059299
Pp(S|W):0.064394
Pp(S|X):0.075980
Pp(S|Y):0.077441
Pp(S|Z):0.118310
Pp(T|A):0.209515
Pp(T|B):0.067024
Pp(T|C):0.073684
Pp(T|D):0.068702
Pp(T|E):0.087209
Pp(T|F):0.073171
Pp(T|G):0.101562
Pp(T|H):0.081794
Pp(T|I):0.083969
Pp(T|J):0.070081
Pp(T|K):0.074074
Pp(T|L):0.064133
Pp(T|M):0.094241
Pp(T|N):0.006509
Pp(T|O):0.106796
Pp(T|P):0.066092
Pp(T|Q):0.125874
Pp(T|R):0.077922
Pp(T|S):0.091549
Pp(T|T):0.068063
Pp(T|U):0.096220
Pp(T|V):0.075472
Pp(T|W):0.136364
Pp(T|X):0.083333
Pp(T|Y):0.097643
Pp(T|Z):0.090141
Pp(U|A):0.006206
Pp(U|B):0.072386
Pp(U|C):0.050000
Pp(U|D):0.055980
Pp(U|E):0.061047
Pp(U|F):0.056098
Pp(U|G):0.052083
Pp(U|H):0.065963
Pp(U|I):0.066158
Pp(U|J):0.070081
Pp(U|K):0.044974
Pp(U|L):0.076010
Pp(U|M):0.057592
Pp(U|N):0.070544
Pp(U|O):0.055016
Pp(U|P):0.074713
Pp(U|Q):0.048951
Pp(U|R):0.077922
Pp(U|S):0.070423
Pp(U|T):0.078534
Pp(U|U):0.048110
Pp(U|V):0.053908
Pp(U|W):0.075758
Pp(U|X):0.085784
Pp(U|Y):0.070707
Pp(U|Z):0.064789
Pp(V|A):0.030437
Pp(V|B):0.026810
Pp(V|C):0.015789
Pp(V|D):0.012723
Pp(V|E):0.008721
Pp(V|F):0.007317
Pp(V|G):0.020833
Pp(V|H):0.015831
Pp(V|I):0.010178
Pp(V|J):0.013477
Pp(V|K):0.023810
Pp(V|L):0.009501
Pp(V|M):0.018325
Pp(V|N):0.001890
Pp(V|O):0.016181
Pp(V|P):0.014368
Pp(V|Q):0.024476
Pp(V|R):0.010390
Pp(V|S):0.010563
Pp(V|T):0.015707
Pp(V|U):0.006873
Pp(V|V):0.021563
Pp(V|W):0.026515
Pp(V|X):0.034314
Pp(V|Y):0.023569
Pp(V|Z):0.025352
Pp(W|A):0.000887
Pp(W|B):0.005362
Pp(W|C):0.002632
Pp(W|D):0.005089
Pp(W|E):0.002907
Pp(W|F):0.002439
Pp(W|G):0.005208
Pp(W|H):0.005277
Pp(W|I):0.005089
Pp(W|J):0.008086
Pp(W|K):0.002646
Pp(W|L):0.004751
Pp(W|M):0.005236
Pp(W|N):0.018266
Pp(W|O):0.000000
Pp(W|P):0.005747
Pp(W|Q):0.003497
Pp(W|R):0.005195
Pp(W|S):0.007042
Pp(W|T):0.005236
Pp(W|U):0.006873
Pp(W|V):0.000000
Pp(W|W):0.000000
Pp(W|X):0.009804
Pp(W|Y):0.003367
Pp(W|Z):0.005634
Pp(X|A):0.005615
Pp(X|B):0.002681
Pp(X|C):0.000000
Pp(X|D):0.000000
Pp(X|E):0.002907
Pp(X|F):0.002439
Pp(X|G):0.002604
Pp(X|H):0.002639
Pp(X|I):0.002545
Pp(X|J):0.000000
Pp(X|K):0.002646
Pp(X|L):0.000000
Pp(X|M):0.000000
Pp(X|N):0.000000
Pp(X|O):0.003236
Pp(X|P):0.002874
Pp(X|Q):0.003497
Pp(X|R):0.000000
Pp(X|S):0.000000
Pp(X|T):0.000000
Pp(X|U):0.003436
Pp(X|V):0.002695
Pp(X|W):0.003788
Pp(X|X):0.002451
Pp(X|Y):0.003367
Pp(X|Z):0.002817
Pp(Y|A):0.000296
Pp(Y|B):0.005362
Pp(Y|C):0.002632
Pp(Y|D):0.000000
Pp(Y|E):0.005814
Pp(Y|F):0.000000
Pp(Y|G):0.007812
Pp(Y|H):0.002639
Pp(Y|I):0.002545
Pp(Y|J):0.013477
Pp(Y|K):0.000000
Pp(Y|L):0.009501
Pp(Y|M):0.005236
Pp(Y|N):0.019106
Pp(Y|O):0.016181
Pp(Y|P):0.005747
Pp(Y|Q):0.000000
Pp(Y|R):0.015584
Pp(Y|S):0.007042
Pp(Y|T):0.005236
Pp(Y|U):0.006873
Pp(Y|V):0.005391
Pp(Y|W):0.000000
Pp(Y|X):0.007353
Pp(Y|Y):0.000000
Pp(Y|Z):0.005634
Pp(Z|A):0.005024
Pp(Z|B):0.000000
Pp(Z|C):0.000000
Pp(Z|D):0.000000
Pp(Z|E):0.000000
Pp(Z|F):0.000000
Pp(Z|G):0.002604
Pp(Z|H):0.000000
Pp(Z|I):0.000000
Pp(Z|J):0.002695
Pp(Z|K):0.000000
Pp(Z|L):0.002375
Pp(Z|M):0.000000
Pp(Z|N):0.000000
Pp(Z|O):0.000000
Pp(Z|P):0.002874
Pp(Z|Q):0.006993
Pp(Z|R):0.000000
Pp(Z|S):0.000000
Pp(Z|T):0.002618
Pp(Z|U):0.003436
Pp(Z|V):0.002695
Pp(Z|W):0.000000
Pp(Z|X):0.000000
Pp(Z|Y):0.000000
Pp(Z|Z):0.002817
